# JRE version: OpenJDK Runtime Environment (17.0.6) (build 17.0.6+0-b2043.56-10027231)
# Java VM: OpenJDK 64-Bit Server VM (17.0.6+0-b2043.56-10027231, mixed mode, tiered, compressed oops, compressed class ptrs, g1 gc, windows-amd64)
GC Precious Log:
 CPUs: 8 total, 8 available
 Memory: 7987M
 Large Page Support: Disabled
 NUMA Support: Disabled
 Compressed Oops: Enabled (32-bit)
 Heap Region Size: 1M
 Heap Min Capacity: 8M
 Heap Initial Capacity: 126M
 Heap Max Capacity: 1998M
 Pre-touch: Disabled
 Parallel Workers: 8
 Concurrent Workers: 2
 Concurrent Refinement Workers: 8
 Periodic GC: Disabled
Heap:
 garbage-first heap   total 129024K, used 58572K [0x0000000083200000, 0x0000000100000000)
  region size 1024K, 1 young (1024K), 1 survivors (1024K)
 Metaspace       used 57437K, committed 57664K, reserved 1105920K
  class space    used 6744K, committed 6848K, reserved 1048576K
GC Heap History (20 events):
Event: 3.768 GC heap after
{Heap after GC invocations=12 (full 0):
 garbage-first heap   total 74752K, used 31956K [0x0000000083200000, 0x0000000100000000)
  region size 1024K, 3 young (3072K), 3 survivors (3072K)
 Metaspace       used 47514K, committed 47744K, reserved 1097728K
  class space    used 5734K, committed 5824K, reserved 1048576K
}
Event: 4.017 GC heap before
{Heap before GC invocations=12 (full 0):
 garbage-first heap   total 74752K, used 54484K [0x0000000083200000, 0x0000000100000000)
  region size 1024K, 25 young (25600K), 3 survivors (3072K)
 Metaspace       used 48745K, committed 48960K, reserved 1097728K
  class space    used 5841K, committed 5952K, reserved 1048576K
}
Event: 4.025 GC heap after
{Heap after GC invocations=13 (full 0):
 garbage-first heap   total 74752K, used 34155K [0x0000000083200000, 0x0000000100000000)
  region size 1024K, 3 young (3072K), 3 survivors (3072K)
 Metaspace       used 48745K, committed 48960K, reserved 1097728K
  class space    used 5841K, committed 5952K, reserved 1048576K
}
Event: 4.551 GC heap before
{Heap before GC invocations=13 (full 0):
 garbage-first heap   total 74752K, used 54635K [0x0000000083200000, 0x0000000100000000)
  region size 1024K, 24 young (24576K), 3 survivors (3072K)
 Metaspace       used 52480K, committed 52736K, reserved 1097728K
  class space    used 6216K, committed 6336K, reserved 1048576K
}
Event: 4.563 GC heap after
{Heap after GC invocations=14 (full 0):
 garbage-first heap   total 74752K, used 37888K [0x0000000083200000, 0x0000000100000000)
  region size 1024K, 3 young (3072K), 3 survivors (3072K)
 Metaspace       used 52480K, committed 52736K, reserved 1097728K
  class space    used 6216K, committed 6336K, reserved 1048576K
}
Event: 4.945 GC heap before
{Heap before GC invocations=14 (full 0):
 garbage-first heap   total 74752K, used 57344K [0x0000000083200000, 0x0000000100000000)
  region size 1024K, 22 young (22528K), 3 survivors (3072K)
 Metaspace       used 55804K, committed 56064K, reserved 1105920K
  class space    used 6645K, committed 6784K, reserved 1048576K
}
Event: 4.957 GC heap after
{Heap after GC invocations=15 (full 0):
 garbage-first heap   total 74752K, used 42282K [0x0000000083200000, 0x0000000100000000)
  region size 1024K, 3 young (3072K), 3 survivors (3072K)
 Metaspace       used 55804K, committed 56064K, reserved 1105920K
  class space    used 6645K, committed 6784K, reserved 1048576K
}
Event: 5.244 GC heap before
{Heap before GC invocations=16 (full 0):
 garbage-first heap   total 74752K, used 55594K [0x0000000083200000, 0x0000000100000000)
  region size 1024K, 17 young (17408K), 3 survivors (3072K)
 Metaspace       used 56591K, committed 56768K, reserved 1105920K
  class space    used 6693K, committed 6784K, reserved 1048576K
}
Event: 5.255 GC heap after
{Heap after GC invocations=17 (full 0):
 garbage-first heap   total 74752K, used 44614K [0x0000000083200000, 0x0000000100000000)
  region size 1024K, 3 young (3072K), 3 survivors (3072K)
 Metaspace       used 56591K, committed 56768K, reserved 1105920K
  class space    used 6693K, committed 6784K, reserved 1048576K
}
Event: 5.273 GC heap before
{Heap before GC invocations=17 (full 0):
 garbage-first heap   total 74752K, used 45638K [0x0000000083200000, 0x0000000100000000)
  region size 1024K, 4 young (4096K), 3 survivors (3072K)
 Metaspace       used 56604K, committed 56832K, reserved 1105920K
  class space    used 6694K, committed 6784K, reserved 1048576K
}
Event: 5.278 GC heap after
{Heap after GC invocations=18 (full 0):
 garbage-first heap   total 99328K, used 44177K [0x0000000083200000, 0x0000000100000000)
  region size 1024K, 1 young (1024K), 1 survivors (1024K)
 Metaspace       used 56604K, committed 56832K, reserved 1105920K
  class space    used 6694K, committed 6784K, reserved 1048576K
}
Event: 5.584 GC heap before
{Heap before GC invocations=18 (full 0):
 garbage-first heap   total 99328K, used 71825K [0x0000000083200000, 0x0000000100000000)
  region size 1024K, 28 young (28672K), 1 survivors (1024K)
 Metaspace       used 57124K, committed 57344K, reserved 1105920K
  class space    used 6719K, committed 6848K, reserved 1048576K
}
Event: 5.601 GC heap after
{Heap after GC invocations=19 (full 0):
 garbage-first heap   total 99328K, used 49429K [0x0000000083200000, 0x0000000100000000)
  region size 1024K, 4 young (4096K), 4 survivors (4096K)
 Metaspace       used 57124K, committed 57344K, reserved 1105920K
  class space    used 6719K, committed 6848K, reserved 1048576K
}
Event: 5.758 GC heap before
{Heap before GC invocations=19 (full 0):
 garbage-first heap   total 99328K, used 74005K [0x0000000083200000, 0x0000000100000000)
  region size 1024K, 28 young (28672K), 4 survivors (4096K)
 Metaspace       used 57235K, committed 57472K, reserved 1105920K
  class space    used 6723K, committed 6848K, reserved 1048576K
}
Event: 5.774 GC heap after
{Heap after GC invocations=20 (full 0):
 garbage-first heap   total 99328K, used 53904K [0x0000000083200000, 0x0000000100000000)
  region size 1024K, 4 young (4096K), 4 survivors (4096K)
 Metaspace       used 57235K, committed 57472K, reserved 1105920K
  class space    used 6723K, committed 6848K, reserved 1048576K
}
Event: 5.926 GC heap before
{Heap before GC invocations=21 (full 0):
 garbage-first heap   total 102400K, used 76432K [0x0000000083200000, 0x0000000100000000)
  region size 1024K, 26 young (26624K), 4 survivors (4096K)
 Metaspace       used 57260K, committed 57472K, reserved 1105920K
  class space    used 6725K, committed 6848K, reserved 1048576K
}
Event: 5.943 GC heap after
{Heap after GC invocations=22 (full 0):
 garbage-first heap   total 102400K, used 58368K [0x0000000083200000, 0x0000000100000000)
  region size 1024K, 4 young (4096K), 4 survivors (4096K)
 Metaspace       used 57260K, committed 57472K, reserved 1105920K
  class space    used 6725K, committed 6848K, reserved 1048576K
}
Event: 5.949 GC heap before
{Heap before GC invocations=22 (full 0):
 garbage-first heap   total 102400K, used 59392K [0x0000000083200000, 0x0000000100000000)
  region size 1024K, 5 young (5120K), 4 survivors (4096K)
 Metaspace       used 57260K, committed 57472K, reserved 1105920K
  class space    used 6725K, committed 6848K, reserved 1048576K
}
Event: 5.956 GC heap after
{Heap after GC invocations=23 (full 0):
 garbage-first heap   total 102400K, used 58910K [0x0000000083200000, 0x0000000100000000)
  region size 1024K, 1 young (1024K), 1 survivors (1024K)
 Metaspace       used 57260K, committed 57472K, reserved 1105920K
  class space    used 6725K, committed 6848K, reserved 1048576K
}
Event: 6.019 GC heap before
{Heap before GC invocations=23 (full 0):
 garbage-first heap   total 102400K, used 80414K [0x0000000083200000, 0x0000000100000000)
  region size 1024K, 22 young (22528K), 1 survivors (1024K)
 Metaspace       used 57437K, committed 57664K, reserved 1105920K
  class space    used 6744K, committed 6848K, reserved 1048576K
}

